<?xml version="1.0" encoding="UTF-8"?>
<testsuite name="com.example.web.ToDoControllerTest" time="1.663" tests="11" errors="0" skipped="0" failures="0">
  <properties>
[...]
</properties>
  <testcase name="verifyAllToDoList" classname="com.example.web.ToDoControllerTest" time="0.581"/>
  <testcase name="verifyDeleteToDo" classname="com.example.web.ToDoControllerTest" time="0.379"/>
  <testcase name="verifyInvalidToDoArgument" classname="com.example.web.ToDoControllerTest" time="0.204"/>
  <testcase name="verifyInvalidToDoId" classname="com.example.web.ToDoControllerTest" time="0.172"/>
  <testcase name="verifyInvalidToDoIdToDelete" classname="com.example.web.ToDoControllerTest" time="0.06"/>
  <testcase name="verifyInvalidToDoUpdate" classname="com.example.web.ToDoControllerTest" time="0.117"/>
  <testcase name="verifyMalformedSaveToDo" classname="com.example.web.ToDoControllerTest" time="0.029"/>
  <testcase name="verifyNullToDo" classname="com.example.web.ToDoControllerTest" time="0.018"/>
  <testcase name="verifySaveToDo" classname="com.example.web.ToDoControllerTest" time="0.018"/>
  <testcase name="verifyToDoById" classname="com.example.web.ToDoControllerTest" time="0.026"/>
  <testcase name="verifyUpdateToDo" classname="com.example.web.ToDoControllerTest" time="0.059"/>
</testsuite>